c:\users\nicho\onedrive\desktop\openglproject\build\openglproject.dir\debug\vc143.pdb
c:\users\nicho\onedrive\desktop\openglproject\build\openglproject.dir\debug\window.obj
c:\users\nicho\onedrive\desktop\openglproject\build\openglproject.dir\debug\main.obj
c:\users\nicho\onedrive\desktop\openglproject\build\cmakefiles\generate.stamp
c:\users\nicho\onedrive\desktop\openglproject\build\openglproject.dir\debug\openglproject.ilk
c:\users\nicho\onedrive\desktop\openglproject\build\debug\openglproject.exe
c:\users\nicho\onedrive\desktop\openglproject\build\debug\openglproject.pdb
c:\users\nicho\onedrive\desktop\openglproject\build\openglproject.dir\debug\resources.res
c:\users\nicho\onedrive\desktop\openglproject\build\openglproject.dir\debug\openglproject.tlog\cl.command.1.tlog
c:\users\nicho\onedrive\desktop\openglproject\build\openglproject.dir\debug\openglproject.tlog\cl.items.tlog
c:\users\nicho\onedrive\desktop\openglproject\build\openglproject.dir\debug\openglproject.tlog\cl.read.1.tlog
c:\users\nicho\onedrive\desktop\openglproject\build\openglproject.dir\debug\openglproject.tlog\cl.write.1.tlog
c:\users\nicho\onedrive\desktop\openglproject\build\openglproject.dir\debug\openglproject.tlog\custombuild.command.1.tlog
c:\users\nicho\onedrive\desktop\openglproject\build\openglproject.dir\debug\openglproject.tlog\custombuild.read.1.tlog
c:\users\nicho\onedrive\desktop\openglproject\build\openglproject.dir\debug\openglproject.tlog\custombuild.write.1.tlog
c:\users\nicho\onedrive\desktop\openglproject\build\openglproject.dir\debug\openglproject.tlog\link.command.1.tlog
c:\users\nicho\onedrive\desktop\openglproject\build\openglproject.dir\debug\openglproject.tlog\link.read.1.tlog
c:\users\nicho\onedrive\desktop\openglproject\build\openglproject.dir\debug\openglproject.tlog\link.write.1.tlog
c:\users\nicho\onedrive\desktop\openglproject\build\openglproject.dir\debug\openglproject.tlog\rc.command.1.tlog
c:\users\nicho\onedrive\desktop\openglproject\build\openglproject.dir\debug\openglproject.tlog\rc.read.1.tlog
c:\users\nicho\onedrive\desktop\openglproject\build\openglproject.dir\debug\openglproject.tlog\rc.write.1.tlog
